<?xml version="1.0" encoding="UTF-8"?>
<!-- Generated by org.testng.reporters.JUnitXMLReporter -->
<testsuite hostname="Muhammads-MBP" ignored="12" name="Default test" tests="1" failures="0" timestamp="2022-10-02T00:15:26 EDT" time="21.693" errors="0">
  <testcase name="used_of_setSpecificSizeOfWindow_method" time="18.344" classname="testPages.HomePageTest"/>
  <testcase name="used_of_sendKeys_method" time="0.0" classname="testPages.HomePageTest">
    <ignored/>
  </testcase> <!-- used_of_sendKeys_method -->
  <testcase name="logInTest" time="0.0" classname="testPages.HomePageTest">
    <ignored/>
  </testcase> <!-- logInTest -->
  <testcase name="used_of_sendKeys_and_Navigate_method_01" time="0.0" classname="testPages.HomePageTest">
    <ignored/>
  </testcase> <!-- used_of_sendKeys_and_Navigate_method_01 -->
  <testcase name="used_of_sendKeys_and_Navigate_method_02" time="0.0" classname="testPages.HomePageTest">
    <ignored/>
  </testcase> <!-- used_of_sendKeys_and_Navigate_method_02 -->
  <testcase name="used_of_getAttribute_Method" time="0.0" classname="testPages.HomePageTest">
    <ignored/>
  </testcase> <!-- used_of_getAttribute_Method -->
  <testcase name="logoTest" time="0.0" classname="testPages.HomePageTest">
    <ignored/>
  </testcase> <!-- logoTest -->
  <testcase name="signUpButtonTest" time="0.0" classname="testPages.HomePageTest">
    <ignored/>
  </testcase> <!-- signUpButtonTest -->
  <testcase name="coursebtnClickTest" time="0.0" classname="testPages.HomePageTest">
    <ignored/>
  </testcase> <!-- coursebtnClickTest -->
  <testcase name="used_of_sendKeys_and_Navigate_method_03" time="0.0" classname="testPages.HomePageTest">
    <ignored/>
  </testcase> <!-- used_of_sendKeys_and_Navigate_method_03 -->
  <testcase name="searchBoxTest" time="0.0" classname="testPages.HomePageTest">
    <ignored/>
  </testcase> <!-- searchBoxTest -->
  <testcase name="learnersButtonTest" time="0.0" classname="testPages.HomePageTest">
    <ignored/>
  </testcase> <!-- learnersButtonTest -->
  <testcase name="used_of_getURL_method" time="0.0" classname="testPages.HomePageTest">
    <ignored/>
  </testcase> <!-- used_of_getURL_method -->
</testsuite> <!-- Default test -->
