<?xml version="1.0" encoding="UTF-8"?>
<!-- Generated by org.testng.reporters.JUnitXMLReporter -->
<testsuite hostname="Muhammads-MBP" ignored="3" name="Default test" tests="1" failures="0" timestamp="2022-09-26T21:18:44 EDT" time="6.527" errors="0">
  <testcase name="logInTest" time="3.137" classname="testPages.HomePageTest"/>
  <testcase name="logoTest" time="0.0" classname="testPages.HomePageTest">
    <ignored/>
  </testcase> <!-- logoTest -->
  <testcase name="searchBoxTest" time="0.0" classname="testPages.HomePageTest">
    <ignored/>
  </testcase> <!-- searchBoxTest -->
  <testcase name="coursebtnClickTest" time="0.0" classname="testPages.HomePageTest">
    <ignored/>
  </testcase> <!-- coursebtnClickTest -->
</testsuite> <!-- Default test -->
