<?xml version="1.0" encoding="UTF-8"?>
<testng-results ignored="0" total="1" passed="1" failed="0" skipped="0">
  <reporter-output>
  </reporter-output>
  <suite started-at="2022-09-22T20:47:07 GMT-04:00" name="Surefire suite" finished-at="2022-09-22T20:47:10 GMT-04:00" duration-ms="2832">
    <groups>
    </groups>
    <test started-at="2022-09-22T20:47:07 GMT-04:00" name="Surefire test" finished-at="2022-09-22T20:47:10 GMT-04:00" duration-ms="2832">
      <class name="testPages.HomePageTest">
        <test-method is-config="true" signature="setUp()[pri:0, instance:testPages.HomePageTest@4c309d4d]" started-at="2022-09-22T20:47:07 GMT-04:00" name="setUp" finished-at="2022-09-22T20:47:10 GMT-04:00" duration-ms="2650" status="PASS">
          <reporter-output>
          </reporter-output>
        </test-method> <!-- setUp -->
        <test-method signature="logoTest()[pri:0, instance:testPages.HomePageTest@4c309d4d]" started-at="2022-09-22T20:47:10 GMT-04:00" name="logoTest" finished-at="2022-09-22T20:47:10 GMT-04:00" duration-ms="45" status="PASS">
          <reporter-output>
          </reporter-output>
        </test-method> <!-- logoTest -->
        <test-method is-config="true" signature="tearUp()[pri:0, instance:testPages.HomePageTest@4c309d4d]" started-at="2022-09-22T20:47:10 GMT-04:00" name="tearUp" finished-at="2022-09-22T20:47:10 GMT-04:00" duration-ms="109" status="PASS">
          <reporter-output>
          </reporter-output>
        </test-method> <!-- tearUp -->
      </class> <!-- testPages.HomePageTest -->
    </test> <!-- Surefire test -->
  </suite> <!-- Surefire suite -->
</testng-results>
