<?xml version="1.0" encoding="UTF-8"?>
<testng-results skipped="0" failed="0" ignored="12" total="13" passed="1">
  <reporter-output>
  </reporter-output>
  <suite name="Default suite" duration-ms="21693" started-at="2022-10-02T00:15:04 EDT" finished-at="2022-10-02T00:15:26 EDT">
    <groups>
    </groups>
    <test name="Default test" duration-ms="21693" started-at="2022-10-02T00:15:04 EDT" finished-at="2022-10-02T00:15:26 EDT">
      <class name="testPages.HomePageTest">
        <test-method status="PASS" signature="setUp()[pri:0, instance:testPages.HomePageTest@7cbd213e]" name="setUp" is-config="true" duration-ms="3142" started-at="2022-10-02T00:15:04 EDT" finished-at="2022-10-02T00:15:08 EDT">
          <reporter-output>
          </reporter-output>
        </test-method> <!-- setUp -->
        <test-method status="PASS" signature="used_of_setSpecificSizeOfWindow_method()[pri:0, instance:testPages.HomePageTest@7cbd213e]" name="used_of_setSpecificSizeOfWindow_method" duration-ms="18344" started-at="2022-10-02T00:15:08 EDT" finished-at="2022-10-02T00:15:26 EDT">
          <reporter-output>
          </reporter-output>
        </test-method> <!-- used_of_setSpecificSizeOfWindow_method -->
        <test-method status="PASS" signature="tearUp()[pri:0, instance:testPages.HomePageTest@7cbd213e]" name="tearUp" is-config="true" duration-ms="165" started-at="2022-10-02T00:15:26 EDT" finished-at="2022-10-02T00:15:26 EDT">
          <reporter-output>
          </reporter-output>
        </test-method> <!-- tearUp -->
      </class> <!-- testPages.HomePageTest -->
    </test> <!-- Default test -->
  </suite> <!-- Default suite -->
</testng-results>
