<?xml version="1.0" encoding="UTF-8"?>
<testng-results skipped="0" failed="0" ignored="3" total="4" passed="1">
  <reporter-output>
  </reporter-output>
  <suite name="Default suite" duration-ms="6527" started-at="2022-09-26T21:18:38 EDT" finished-at="2022-09-26T21:18:44 EDT">
    <groups>
    </groups>
    <test name="Default test" duration-ms="6527" started-at="2022-09-26T21:18:38 EDT" finished-at="2022-09-26T21:18:44 EDT">
      <class name="testPages.HomePageTest">
        <test-method status="PASS" signature="setUp()[pri:0, instance:testPages.HomePageTest@52f759d7]" name="setUp" is-config="true" duration-ms="3217" started-at="2022-09-26T21:18:38 EDT" finished-at="2022-09-26T21:18:41 EDT">
          <reporter-output>
          </reporter-output>
        </test-method> <!-- setUp -->
        <test-method status="PASS" signature="logInTest()[pri:4, instance:testPages.HomePageTest@52f759d7]" name="logInTest" duration-ms="3137" started-at="2022-09-26T21:18:41 EDT" finished-at="2022-09-26T21:18:44 EDT">
          <reporter-output>
          </reporter-output>
        </test-method> <!-- logInTest -->
        <test-method status="PASS" signature="tearUp()[pri:0, instance:testPages.HomePageTest@52f759d7]" name="tearUp" is-config="true" duration-ms="136" started-at="2022-09-26T21:18:44 EDT" finished-at="2022-09-26T21:18:44 EDT">
          <reporter-output>
          </reporter-output>
        </test-method> <!-- tearUp -->
      </class> <!-- testPages.HomePageTest -->
    </test> <!-- Default test -->
  </suite> <!-- Default suite -->
</testng-results>
